<?xml version="1.0" encoding="UTF-8"?>
<coverage generated="1774537841837" clover="3.2.0">
  <project timestamp="1774537841837" name="All files">
    <metrics statements="57" coveredstatements="54" conditionals="10" coveredconditionals="10" methods="15" coveredmethods="15" elements="82" coveredelements="79" complexity="0" loc="57" ncloc="57" packages="3" files="5" classes="5"/>
    <package name="api.controller">
      <metrics statements="27" coveredstatements="24" conditionals="0" coveredconditionals="0" methods="5" coveredmethods="5"/>
      <file name="categories.js" path="C:\Users\jimrc\Documents\La-Fosse-Academy\Alpha-Project\Nexus-Studio\api\controller\categories.js">
        <metrics statements="11" coveredstatements="10" conditionals="0" coveredconditionals="0" methods="2" coveredmethods="2"/>
        <line num="1" count="1" type="stmt"/>
        <line num="4" count="1" type="stmt"/>
        <line num="5" count="1" type="stmt"/>
        <line num="6" count="0" type="stmt"/>
        <line num="8" count="1" type="stmt"/>
        <line num="13" count="2" type="stmt"/>
        <line num="14" count="2" type="stmt"/>
        <line num="15" count="1" type="stmt"/>
        <line num="16" count="1" type="stmt"/>
        <line num="18" count="1" type="stmt"/>
        <line num="23" count="1" type="stmt"/>
      </file>
      <file name="quizQuestions.js" path="C:\Users\jimrc\Documents\La-Fosse-Academy\Alpha-Project\Nexus-Studio\api\controller\quizQuestions.js">
        <metrics statements="16" coveredstatements="14" conditionals="0" coveredconditionals="0" methods="3" coveredmethods="3"/>
        <line num="1" count="1" type="stmt"/>
        <line num="4" count="2" type="stmt"/>
        <line num="5" count="2" type="stmt"/>
        <line num="6" count="1" type="stmt"/>
        <line num="8" count="1" type="stmt"/>
        <line num="13" count="2" type="stmt"/>
        <line num="14" count="2" type="stmt"/>
        <line num="15" count="2" type="stmt"/>
        <line num="16" count="1" type="stmt"/>
        <line num="18" count="1" type="stmt"/>
        <line num="24" count="1" type="stmt"/>
        <line num="25" count="1" type="stmt"/>
        <line num="26" count="0" type="stmt"/>
        <line num="27" count="0" type="stmt"/>
        <line num="29" count="1" type="stmt"/>
        <line num="33" count="1" type="stmt"/>
      </file>
    </package>
    <package name="api.model">
      <metrics statements="26" coveredstatements="26" conditionals="10" coveredconditionals="10" methods="10" coveredmethods="10"/>
      <file name="Category.js" path="C:\Users\jimrc\Documents\La-Fosse-Academy\Alpha-Project\Nexus-Studio\api\model\Category.js">
        <metrics statements="11" coveredstatements="11" conditionals="4" coveredconditionals="4" methods="4" coveredmethods="4"/>
        <line num="1" count="2" type="stmt"/>
        <line num="6" count="4" type="stmt"/>
        <line num="11" count="2" type="stmt"/>
        <line num="13" count="2" type="cond" truecount="2" falsecount="0"/>
        <line num="14" count="1" type="stmt"/>
        <line num="16" count="3" type="stmt"/>
        <line num="20" count="2" type="stmt"/>
        <line num="22" count="2" type="cond" truecount="2" falsecount="0"/>
        <line num="23" count="1" type="stmt"/>
        <line num="25" count="1" type="stmt"/>
        <line num="29" count="2" type="stmt"/>
      </file>
      <file name="QuizQuestion.js" path="C:\Users\jimrc\Documents\La-Fosse-Academy\Alpha-Project\Nexus-Studio\api\model\QuizQuestion.js">
        <metrics statements="15" coveredstatements="15" conditionals="6" coveredconditionals="6" methods="6" coveredmethods="6"/>
        <line num="1" count="2" type="stmt"/>
        <line num="6" count="7" type="stmt"/>
        <line num="17" count="2" type="stmt"/>
        <line num="19" count="2" type="cond" truecount="2" falsecount="0"/>
        <line num="20" count="1" type="stmt"/>
        <line num="22" count="3" type="stmt"/>
        <line num="26" count="2" type="stmt"/>
        <line num="28" count="2" type="cond" truecount="2" falsecount="0"/>
        <line num="29" count="1" type="stmt"/>
        <line num="31" count="3" type="stmt"/>
        <line num="35" count="2" type="stmt"/>
        <line num="37" count="2" type="cond" truecount="2" falsecount="0"/>
        <line num="38" count="1" type="stmt"/>
        <line num="40" count="1" type="stmt"/>
        <line num="44" count="2" type="stmt"/>
      </file>
    </package>
    <package name="db">
      <metrics statements="4" coveredstatements="4" conditionals="0" coveredconditionals="0" methods="0" coveredmethods="0"/>
      <file name="connect.js" path="C:\Users\jimrc\Documents\La-Fosse-Academy\Alpha-Project\Nexus-Studio\db\connect.js">
        <metrics statements="4" coveredstatements="4" conditionals="0" coveredconditionals="0" methods="0" coveredmethods="0"/>
        <line num="2" count="4" type="stmt"/>
        <line num="3" count="4" type="stmt"/>
        <line num="5" count="4" type="stmt"/>
        <line num="9" count="4" type="stmt"/>
      </file>
    </package>
  </project>
</coverage>
