{"C:\\Users\\jimrc\\Documents\\La-Fosse-Academy\\Alpha-Project\\Nexus-Studio\\api\\controller\\categories.js": {"path":"C:\\Users\\jimrc\\Documents\\La-Fosse-Academy\\Alpha-Project\\Nexus-Studio\\api\\controller\\categories.js","statementMap":{"0":{"start":{"line":1,"column":17},"end":{"line":1,"column":45}},"1":{"start":{"line":4,"column":4},"end":{"line":9,"column":5}},"2":{"start":{"line":5,"column":27},"end":{"line":5,"column":50}},"3":{"start":{"line":6,"column":8},"end":{"line":6,"column":40}},"4":{"start":{"line":8,"column":8},"end":{"line":8,"column":51}},"5":{"start":{"line":13,"column":4},"end":{"line":19,"column":5}},"6":{"start":{"line":14,"column":28},"end":{"line":14,"column":50}},"7":{"start":{"line":15,"column":25},"end":{"line":15,"column":60}},"8":{"start":{"line":16,"column":8},"end":{"line":16,"column":38}},"9":{"start":{"line":18,"column":8},"end":{"line":18,"column":51}},"10":{"start":{"line":23,"column":0},"end":{"line":23,"column":48}}},"fnMap":{"0":{"name":"allCategories","decl":{"start":{"line":3,"column":15},"end":{"line":3,"column":28}},"loc":{"start":{"line":3,"column":37},"end":{"line":10,"column":1}},"line":3},"1":{"name":"categoryByID","decl":{"start":{"line":12,"column":15},"end":{"line":12,"column":27}},"loc":{"start":{"line":12,"column":38},"end":{"line":21,"column":1}},"line":12}},"branchMap":{},"s":{"0":1,"1":1,"2":1,"3":0,"4":1,"5":2,"6":2,"7":1,"8":1,"9":1,"10":1},"f":{"0":1,"1":2},"b":{},"_coverageSchema":"1a1c01bbd47fc00a2c39e90264f33305004495a9","hash":"8dd19ad5e8fb917d74d79eb3d04d7ec2124cdb59"}
,"C:\\Users\\jimrc\\Documents\\La-Fosse-Academy\\Alpha-Project\\Nexus-Studio\\api\\controller\\quizQuestions.js": {"path":"C:\\Users\\jimrc\\Documents\\La-Fosse-Academy\\Alpha-Project\\Nexus-Studio\\api\\controller\\quizQuestions.js","statementMap":{"0":{"start":{"line":1,"column":21},"end":{"line":1,"column":53}},"1":{"start":{"line":4,"column":4},"end":{"line":9,"column":5}},"2":{"start":{"line":5,"column":30},"end":{"line":5,"column":57}},"3":{"start":{"line":6,"column":8},"end":{"line":6,"column":43}},"4":{"start":{"line":8,"column":8},"end":{"line":8,"column":53}},"5":{"start":{"line":13,"column":4},"end":{"line":19,"column":5}},"6":{"start":{"line":14,"column":28},"end":{"line":14,"column":60}},"7":{"start":{"line":15,"column":30},"end":{"line":15,"column":75}},"8":{"start":{"line":16,"column":8},"end":{"line":16,"column":43}},"9":{"start":{"line":18,"column":8},"end":{"line":18,"column":51}},"10":{"start":{"line":24,"column":4},"end":{"line":30,"column":5}},"11":{"start":{"line":25,"column":28},"end":{"line":25,"column":60}},"12":{"start":{"line":26,"column":29},"end":{"line":26,"column":68}},"13":{"start":{"line":27,"column":8},"end":{"line":27,"column":42}},"14":{"start":{"line":29,"column":8},"end":{"line":29,"column":51}},"15":{"start":{"line":33,"column":0},"end":{"line":33,"column":66}}},"fnMap":{"0":{"name":"allQuestions","decl":{"start":{"line":3,"column":15},"end":{"line":3,"column":27}},"loc":{"start":{"line":3,"column":38},"end":{"line":10,"column":1}},"line":3},"1":{"name":"categoryQuestions","decl":{"start":{"line":12,"column":15},"end":{"line":12,"column":32}},"loc":{"start":{"line":12,"column":43},"end":{"line":21,"column":1}},"line":12},"2":{"name":"questionByID","decl":{"start":{"line":23,"column":15},"end":{"line":23,"column":27}},"loc":{"start":{"line":23,"column":37},"end":{"line":31,"column":1}},"line":23}},"branchMap":{},"s":{"0":1,"1":2,"2":2,"3":1,"4":1,"5":2,"6":2,"7":2,"8":1,"9":1,"10":1,"11":1,"12":0,"13":0,"14":1,"15":1},"f":{"0":2,"1":2,"2":1},"b":{},"_coverageSchema":"1a1c01bbd47fc00a2c39e90264f33305004495a9","hash":"c7ba2689efcfbb2b303a58c6e8bcf99479025529"}
,"C:\\Users\\jimrc\\Documents\\La-Fosse-Academy\\Alpha-Project\\Nexus-Studio\\api\\model\\Category.js": {"path":"C:\\Users\\jimrc\\Documents\\La-Fosse-Academy\\Alpha-Project\\Nexus-Studio\\api\\model\\Category.js","statementMap":{"0":{"start":{"line":1,"column":11},"end":{"line":1,"column":38}},"1":{"start":{"line":6,"column":8},"end":{"line":7,"column":42}},"2":{"start":{"line":11,"column":25},"end":{"line":11,"column":72}},"3":{"start":{"line":13,"column":8},"end":{"line":15,"column":9}},"4":{"start":{"line":14,"column":12},"end":{"line":14,"column":59}},"5":{"start":{"line":16,"column":8},"end":{"line":16,"column":54}},"6":{"start":{"line":16,"column":38},"end":{"line":16,"column":53}},"7":{"start":{"line":20,"column":25},"end":{"line":20,"column":109}},"8":{"start":{"line":22,"column":8},"end":{"line":24,"column":9}},"9":{"start":{"line":23,"column":12},"end":{"line":23,"column":71}},"10":{"start":{"line":25,"column":8},"end":{"line":25,"column":45}},"11":{"start":{"line":29,"column":0},"end":{"line":29,"column":25}}},"fnMap":{"0":{"name":"(anonymous_0)","decl":{"start":{"line":5,"column":4},"end":{"line":5,"column":5}},"loc":{"start":{"line":5,"column":45},"end":{"line":8,"column":5}},"line":5},"1":{"name":"(anonymous_1)","decl":{"start":{"line":10,"column":4},"end":{"line":10,"column":5}},"loc":{"start":{"line":10,"column":25},"end":{"line":17,"column":5}},"line":10},"2":{"name":"(anonymous_2)","decl":{"start":{"line":16,"column":33},"end":{"line":16,"column":34}},"loc":{"start":{"line":16,"column":38},"end":{"line":16,"column":53}},"line":16},"3":{"name":"(anonymous_3)","decl":{"start":{"line":19,"column":4},"end":{"line":19,"column":5}},"loc":{"start":{"line":19,"column":37},"end":{"line":26,"column":5}},"line":19}},"branchMap":{"0":{"loc":{"start":{"line":13,"column":8},"end":{"line":15,"column":9}},"type":"if","locations":[{"start":{"line":13,"column":8},"end":{"line":15,"column":9}},{"start":{},"end":{}}],"line":13},"1":{"loc":{"start":{"line":22,"column":8},"end":{"line":24,"column":9}},"type":"if","locations":[{"start":{"line":22,"column":8},"end":{"line":24,"column":9}},{"start":{},"end":{}}],"line":22}},"s":{"0":2,"1":4,"2":2,"3":2,"4":1,"5":1,"6":3,"7":2,"8":2,"9":1,"10":1,"11":2},"f":{"0":4,"1":2,"2":3,"3":2},"b":{"0":[1,1],"1":[1,1]},"_coverageSchema":"1a1c01bbd47fc00a2c39e90264f33305004495a9","hash":"04bc255e8672be6f42ba00b9575c175f362f1352"}
,"C:\\Users\\jimrc\\Documents\\La-Fosse-Academy\\Alpha-Project\\Nexus-Studio\\api\\model\\QuizQuestion.js": {"path":"C:\\Users\\jimrc\\Documents\\La-Fosse-Academy\\Alpha-Project\\Nexus-Studio\\api\\model\\QuizQuestion.js","statementMap":{"0":{"start":{"line":1,"column":0},"end":{"line":1,"column":32}},"1":{"start":{"line":6,"column":8},"end":{"line":13,"column":36}},"2":{"start":{"line":17,"column":25},"end":{"line":17,"column":71}},"3":{"start":{"line":19,"column":8},"end":{"line":21,"column":9}},"4":{"start":{"line":20,"column":12},"end":{"line":20,"column":59}},"5":{"start":{"line":22,"column":8},"end":{"line":22,"column":58}},"6":{"start":{"line":22,"column":38},"end":{"line":22,"column":57}},"7":{"start":{"line":26,"column":25},"end":{"line":26,"column":109}},"8":{"start":{"line":28,"column":8},"end":{"line":30,"column":9}},"9":{"start":{"line":29,"column":12},"end":{"line":29,"column":76}},"10":{"start":{"line":31,"column":8},"end":{"line":31,"column":58}},"11":{"start":{"line":31,"column":38},"end":{"line":31,"column":57}},"12":{"start":{"line":35,"column":25},"end":{"line":35,"column":109}},"13":{"start":{"line":37,"column":8},"end":{"line":39,"column":9}},"14":{"start":{"line":38,"column":12},"end":{"line":38,"column":71}},"15":{"start":{"line":40,"column":8},"end":{"line":40,"column":49}},"16":{"start":{"line":44,"column":0},"end":{"line":44,"column":29}}},"fnMap":{"0":{"name":"(anonymous_0)","decl":{"start":{"line":5,"column":4},"end":{"line":5,"column":5}},"loc":{"start":{"line":5,"column":109},"end":{"line":14,"column":5}},"line":5},"1":{"name":"(anonymous_1)","decl":{"start":{"line":16,"column":4},"end":{"line":16,"column":5}},"loc":{"start":{"line":16,"column":25},"end":{"line":23,"column":5}},"line":16},"2":{"name":"(anonymous_2)","decl":{"start":{"line":22,"column":33},"end":{"line":22,"column":34}},"loc":{"start":{"line":22,"column":38},"end":{"line":22,"column":57}},"line":22},"3":{"name":"(anonymous_3)","decl":{"start":{"line":25,"column":4},"end":{"line":25,"column":5}},"loc":{"start":{"line":25,"column":43},"end":{"line":32,"column":5}},"line":25},"4":{"name":"(anonymous_4)","decl":{"start":{"line":31,"column":33},"end":{"line":31,"column":34}},"loc":{"start":{"line":31,"column":38},"end":{"line":31,"column":57}},"line":31},"5":{"name":"(anonymous_5)","decl":{"start":{"line":34,"column":4},"end":{"line":34,"column":5}},"loc":{"start":{"line":34,"column":37},"end":{"line":41,"column":5}},"line":34}},"branchMap":{"0":{"loc":{"start":{"line":19,"column":8},"end":{"line":21,"column":9}},"type":"if","locations":[{"start":{"line":19,"column":8},"end":{"line":21,"column":9}},{"start":{},"end":{}}],"line":19},"1":{"loc":{"start":{"line":28,"column":8},"end":{"line":30,"column":9}},"type":"if","locations":[{"start":{"line":28,"column":8},"end":{"line":30,"column":9}},{"start":{},"end":{}}],"line":28},"2":{"loc":{"start":{"line":37,"column":8},"end":{"line":39,"column":9}},"type":"if","locations":[{"start":{"line":37,"column":8},"end":{"line":39,"column":9}},{"start":{},"end":{}}],"line":37}},"s":{"0":2,"1":7,"2":2,"3":2,"4":1,"5":1,"6":3,"7":2,"8":2,"9":1,"10":1,"11":3,"12":2,"13":2,"14":1,"15":1,"16":2},"f":{"0":7,"1":2,"2":3,"3":2,"4":3,"5":2},"b":{"0":[1,1],"1":[1,1],"2":[1,1]},"_coverageSchema":"1a1c01bbd47fc00a2c39e90264f33305004495a9","hash":"aa3b74831f91ea62a1fe177ffd033dbf7aaa6a84"}
,"C:\\Users\\jimrc\\Documents\\La-Fosse-Academy\\Alpha-Project\\Nexus-Studio\\db\\connect.js": {"path":"C:\\Users\\jimrc\\Documents\\La-Fosse-Academy\\Alpha-Project\\Nexus-Studio\\db\\connect.js","statementMap":{"0":{"start":{"line":2,"column":17},"end":{"line":2,"column":30}},"1":{"start":{"line":3,"column":0},"end":{"line":3,"column":26}},"2":{"start":{"line":5,"column":11},"end":{"line":7,"column":2}},"3":{"start":{"line":9,"column":0},"end":{"line":9,"column":19}}},"fnMap":{},"branchMap":{},"s":{"0":4,"1":4,"2":4,"3":4},"f":{},"b":{},"_coverageSchema":"1a1c01bbd47fc00a2c39e90264f33305004495a9","hash":"db49081f1fe569ef90c131fa0b20b5161c49c61d"}
}
