{"C:\\Users\\jimrc\\Documents\\La-Fosse-Academy\\Alpha-Project\\Nexus-Studio\\api\\controller\\categories.js": {"path":"C:\\Users\\jimrc\\Documents\\La-Fosse-Academy\\Alpha-Project\\Nexus-Studio\\api\\controller\\categories.js","statementMap":{"0":{"start":{"line":1,"column":17},"end":{"line":1,"column":45}},"1":{"start":{"line":4,"column":4},"end":{"line":9,"column":5}},"2":{"start":{"line":5,"column":27},"end":{"line":5,"column":50}},"3":{"start":{"line":6,"column":8},"end":{"line":6,"column":40}},"4":{"start":{"line":8,"column":8},"end":{"line":8,"column":51}},"5":{"start":{"line":13,"column":4},"end":{"line":19,"column":5}},"6":{"start":{"line":14,"column":28},"end":{"line":14,"column":50}},"7":{"start":{"line":15,"column":25},"end":{"line":15,"column":60}},"8":{"start":{"line":16,"column":8},"end":{"line":16,"column":38}},"9":{"start":{"line":18,"column":8},"end":{"line":18,"column":51}},"10":{"start":{"line":23,"column":0},"end":{"line":23,"column":48}}},"fnMap":{"0":{"name":"allCategories","decl":{"start":{"line":3,"column":15},"end":{"line":3,"column":28}},"loc":{"start":{"line":3,"column":37},"end":{"line":10,"column":1}},"line":3},"1":{"name":"categoryByID","decl":{"start":{"line":12,"column":15},"end":{"line":12,"column":27}},"loc":{"start":{"line":12,"column":38},"end":{"line":21,"column":1}},"line":12}},"branchMap":{},"s":{"0":1,"1":2,"2":2,"3":1,"4":1,"5":2,"6":2,"7":1,"8":1,"9":1,"10":1},"f":{"0":2,"1":2},"b":{},"_coverageSchema":"1a1c01bbd47fc00a2c39e90264f33305004495a9","hash":"8dd19ad5e8fb917d74d79eb3d04d7ec2124cdb59"}
,"C:\\Users\\jimrc\\Documents\\La-Fosse-Academy\\Alpha-Project\\Nexus-Studio\\api\\controller\\quizQuestions.js": {"path":"C:\\Users\\jimrc\\Documents\\La-Fosse-Academy\\Alpha-Project\\Nexus-Studio\\api\\controller\\quizQuestions.js","statementMap":{"0":{"start":{"line":1,"column":21},"end":{"line":1,"column":53}},"1":{"start":{"line":4,"column":4},"end":{"line":9,"column":5}},"2":{"start":{"line":5,"column":30},"end":{"line":5,"column":57}},"3":{"start":{"line":6,"column":8},"end":{"line":6,"column":43}},"4":{"start":{"line":8,"column":8},"end":{"line":8,"column":53}},"5":{"start":{"line":13,"column":4},"end":{"line":19,"column":5}},"6":{"start":{"line":14,"column":28},"end":{"line":14,"column":60}},"7":{"start":{"line":15,"column":30},"end":{"line":15,"column":75}},"8":{"start":{"line":16,"column":8},"end":{"line":16,"column":43}},"9":{"start":{"line":18,"column":8},"end":{"line":18,"column":51}},"10":{"start":{"line":24,"column":4},"end":{"line":30,"column":5}},"11":{"start":{"line":25,"column":28},"end":{"line":25,"column":60}},"12":{"start":{"line":26,"column":29},"end":{"line":26,"column":68}},"13":{"start":{"line":27,"column":8},"end":{"line":27,"column":42}},"14":{"start":{"line":29,"column":8},"end":{"line":29,"column":51}},"15":{"start":{"line":33,"column":0},"end":{"line":33,"column":66}}},"fnMap":{"0":{"name":"allQuestions","decl":{"start":{"line":3,"column":15},"end":{"line":3,"column":27}},"loc":{"start":{"line":3,"column":38},"end":{"line":10,"column":1}},"line":3},"1":{"name":"categoryQuestions","decl":{"start":{"line":12,"column":15},"end":{"line":12,"column":32}},"loc":{"start":{"line":12,"column":43},"end":{"line":21,"column":1}},"line":12},"2":{"name":"questionByID","decl":{"start":{"line":23,"column":15},"end":{"line":23,"column":27}},"loc":{"start":{"line":23,"column":37},"end":{"line":31,"column":1}},"line":23}},"branchMap":{},"s":{"0":1,"1":2,"2":2,"3":1,"4":1,"5":2,"6":2,"7":2,"8":1,"9":1,"10":1,"11":1,"12":0,"13":0,"14":1,"15":1},"f":{"0":2,"1":2,"2":1},"b":{},"_coverageSchema":"1a1c01bbd47fc00a2c39e90264f33305004495a9","hash":"c7ba2689efcfbb2b303a58c6e8bcf99479025529"}
,"C:\\Users\\jimrc\\Documents\\La-Fosse-Academy\\Alpha-Project\\Nexus-Studio\\api\\model\\Category.js": {"path":"C:\\Users\\jimrc\\Documents\\La-Fosse-Academy\\Alpha-Project\\Nexus-Studio\\api\\model\\Category.js","statementMap":{"0":{"start":{"line":1,"column":11},"end":{"line":1,"column":38}},"1":{"start":{"line":6,"column":8},"end":{"line":7,"column":42}},"2":{"start":{"line":11,"column":25},"end":{"line":11,"column":72}},"3":{"start":{"line":13,"column":8},"end":{"line":15,"column":9}},"4":{"start":{"line":14,"column":12},"end":{"line":14,"column":59}},"5":{"start":{"line":16,"column":8},"end":{"line":16,"column":54}},"6":{"start":{"line":16,"column":38},"end":{"line":16,"column":53}},"7":{"start":{"line":20,"column":25},"end":{"line":20,"column":109}},"8":{"start":{"line":22,"column":8},"end":{"line":24,"column":9}},"9":{"start":{"line":23,"column":12},"end":{"line":23,"column":71}},"10":{"start":{"line":25,"column":8},"end":{"line":25,"column":45}},"11":{"start":{"line":29,"column":0},"end":{"line":29,"column":25}}},"fnMap":{"0":{"name":"(anonymous_0)","decl":{"start":{"line":5,"column":4},"end":{"line":5,"column":5}},"loc":{"start":{"line":5,"column":45},"end":{"line":8,"column":5}},"line":5},"1":{"name":"(anonymous_1)","decl":{"start":{"line":10,"column":4},"end":{"line":10,"column":5}},"loc":{"start":{"line":10,"column":25},"end":{"line":17,"column":5}},"line":10},"2":{"name":"(anonymous_2)","decl":{"start":{"line":16,"column":33},"end":{"line":16,"column":34}},"loc":{"start":{"line":16,"column":38},"end":{"line":16,"column":53}},"line":16},"3":{"name":"(anonymous_3)","decl":{"start":{"line":19,"column":4},"end":{"line":19,"column":5}},"loc":{"start":{"line":19,"column":37},"end":{"line":26,"column":5}},"line":19}},"branchMap":{"0":{"loc":{"start":{"line":13,"column":8},"end":{"line":15,"column":9}},"type":"if","locations":[{"start":{"line":13,"column":8},"end":{"line":15,"column":9}},{"start":{},"end":{}}],"line":13},"1":{"loc":{"start":{"line":22,"column":8},"end":{"line":24,"column":9}},"type":"if","locations":[{"start":{"line":22,"column":8},"end":{"line":24,"column":9}},{"start":{},"end":{}}],"line":22}},"s":{"0":2,"1":4,"2":2,"3":2,"4":1,"5":1,"6":3,"7":2,"8":2,"9":1,"10":1,"11":2},"f":{"0":4,"1":2,"2":3,"3":2},"b":{"0":[1,1],"1":[1,1]},"_coverageSchema":"1a1c01bbd47fc00a2c39e90264f33305004495a9","hash":"04bc255e8672be6f42ba00b9575c175f362f1352"}
,"C:\\Users\\jimrc\\Documents\\La-Fosse-Academy\\Alpha-Project\\Nexus-Studio\\api\\model\\QuizQuestion.js": {"path":"C:\\Users\\jimrc\\Documents\\La-Fosse-Academy\\Alpha-Project\\Nexus-Studio\\api\\model\\QuizQuestion.js","statementMap":{"0":{"start":{"line":1,"column":0},"end":{"line":1,"column":32}},"1":{"start":{"line":6,"column":8},"end":{"line":13,"column":36}},"2":{"start":{"line":17,"column":25},"end":{"line":17,"column":71}},"3":{"start":{"line":19,"column":8},"end":{"line":21,"column":9}},"4":{"start":{"line":20,"column":12},"end":{"line":20,"column":59}},"5":{"start":{"line":22,"column":8},"end":{"line":22,"column":58}},"6":{"start":{"line":22,"column":38},"end":{"line":22,"column":57}},"7":{"start":{"line":26,"column":25},"end":{"line":26,"column":109}},"8":{"start":{"line":28,"column":8},"end":{"line":30,"column":9}},"9":{"start":{"line":29,"column":12},"end":{"line":29,"column":76}},"10":{"start":{"line":31,"column":8},"end":{"line":31,"column":58}},"11":{"start":{"line":31,"column":38},"end":{"line":31,"column":57}},"12":{"start":{"line":35,"column":25},"end":{"line":35,"column":109}},"13":{"start":{"line":37,"column":8},"end":{"line":39,"column":9}},"14":{"start":{"line":38,"column":12},"end":{"line":38,"column":71}},"15":{"start":{"line":40,"column":8},"end":{"line":40,"column":49}},"16":{"start":{"line":44,"column":0},"end":{"line":44,"column":29}}},"fnMap":{"0":{"name":"(anonymous_0)","decl":{"start":{"line":5,"column":4},"end":{"line":5,"column":5}},"loc":{"start":{"line":5,"column":109},"end":{"line":14,"column":5}},"line":5},"1":{"name":"(anonymous_1)","decl":{"start":{"line":16,"column":4},"end":{"line":16,"column":5}},"loc":{"start":{"line":16,"column":25},"end":{"line":23,"column":5}},"line":16},"2":{"name":"(anonymous_2)","decl":{"start":{"line":22,"column":33},"end":{"line":22,"column":34}},"loc":{"start":{"line":22,"column":38},"end":{"line":22,"column":57}},"line":22},"3":{"name":"(anonymous_3)","decl":{"start":{"line":25,"column":4},"end":{"line":25,"column":5}},"loc":{"start":{"line":25,"column":43},"end":{"line":32,"column":5}},"line":25},"4":{"name":"(anonymous_4)","decl":{"start":{"line":31,"column":33},"end":{"line":31,"column":34}},"loc":{"start":{"line":31,"column":38},"end":{"line":31,"column":57}},"line":31},"5":{"name":"(anonymous_5)","decl":{"start":{"line":34,"column":4},"end":{"line":34,"column":5}},"loc":{"start":{"line":34,"column":37},"end":{"line":41,"column":5}},"line":34}},"branchMap":{"0":{"loc":{"start":{"line":19,"column":8},"end":{"line":21,"column":9}},"type":"if","locations":[{"start":{"line":19,"column":8},"end":{"line":21,"column":9}},{"start":{},"end":{}}],"line":19},"1":{"loc":{"start":{"line":28,"column":8},"end":{"line":30,"column":9}},"type":"if","locations":[{"start":{"line":28,"column":8},"end":{"line":30,"column":9}},{"start":{},"end":{}}],"line":28},"2":{"loc":{"start":{"line":37,"column":8},"end":{"line":39,"column":9}},"type":"if","locations":[{"start":{"line":37,"column":8},"end":{"line":39,"column":9}},{"start":{},"end":{}}],"line":37}},"s":{"0":2,"1":7,"2":2,"3":2,"4":1,"5":1,"6":3,"7":2,"8":2,"9":1,"10":1,"11":3,"12":2,"13":2,"14":1,"15":1,"16":2},"f":{"0":7,"1":2,"2":3,"3":2,"4":3,"5":2},"b":{"0":[1,1],"1":[1,1],"2":[1,1]},"_coverageSchema":"1a1c01bbd47fc00a2c39e90264f33305004495a9","hash":"aa3b74831f91ea62a1fe177ffd033dbf7aaa6a84"}
,"C:\\Users\\jimrc\\Documents\\La-Fosse-Academy\\Alpha-Project\\Nexus-Studio\\api\\model\\SessionHistory.js": {"path":"C:\\Users\\jimrc\\Documents\\La-Fosse-Academy\\Alpha-Project\\Nexus-Studio\\api\\model\\SessionHistory.js","statementMap":{"0":{"start":{"line":1,"column":0},"end":{"line":1,"column":32}},"1":{"start":{"line":6,"column":8},"end":{"line":12,"column":34}},"2":{"start":{"line":16,"column":25},"end":{"line":16,"column":72}},"3":{"start":{"line":18,"column":8},"end":{"line":20,"column":9}},"4":{"start":{"line":19,"column":12},"end":{"line":19,"column":60}},"5":{"start":{"line":21,"column":8},"end":{"line":21,"column":60}},"6":{"start":{"line":21,"column":38},"end":{"line":21,"column":59}},"7":{"start":{"line":25,"column":25},"end":{"line":25,"column":383}},"8":{"start":{"line":26,"column":8},"end":{"line":28,"column":9}},"9":{"start":{"line":27,"column":12},"end":{"line":27,"column":60}},"10":{"start":{"line":30,"column":8},"end":{"line":35,"column":12}},"11":{"start":{"line":30,"column":39},"end":{"line":35,"column":9}},"12":{"start":{"line":39,"column":25},"end":{"line":39,"column":384}},"13":{"start":{"line":40,"column":8},"end":{"line":42,"column":9}},"14":{"start":{"line":41,"column":12},"end":{"line":41,"column":60}},"15":{"start":{"line":44,"column":8},"end":{"line":49,"column":12}},"16":{"start":{"line":44,"column":39},"end":{"line":49,"column":9}},"17":{"start":{"line":54,"column":8},"end":{"line":54,"column":71}},"18":{"start":{"line":54,"column":30},"end":{"line":54,"column":70}},"19":{"start":{"line":55,"column":8},"end":{"line":55,"column":79}},"20":{"start":{"line":55,"column":34},"end":{"line":55,"column":78}},"21":{"start":{"line":56,"column":8},"end":{"line":56,"column":61}},"22":{"start":{"line":56,"column":25},"end":{"line":56,"column":60}},"23":{"start":{"line":57,"column":8},"end":{"line":57,"column":71}},"24":{"start":{"line":57,"column":30},"end":{"line":57,"column":70}},"25":{"start":{"line":58,"column":8},"end":{"line":58,"column":69}},"26":{"start":{"line":58,"column":29},"end":{"line":58,"column":68}},"27":{"start":{"line":59,"column":25},"end":{"line":60,"column":114}},"28":{"start":{"line":61,"column":8},"end":{"line":61,"column":51}},"29":{"start":{"line":65,"column":25},"end":{"line":65,"column":106}},"30":{"start":{"line":66,"column":8},"end":{"line":69,"column":9}},"31":{"start":{"line":68,"column":12},"end":{"line":68,"column":106}},"32":{"start":{"line":70,"column":8},"end":{"line":70,"column":51}},"33":{"start":{"line":74,"column":25},"end":{"line":74,"column":106}},"34":{"start":{"line":76,"column":8},"end":{"line":78,"column":9}},"35":{"start":{"line":77,"column":12},"end":{"line":77,"column":73}},"36":{"start":{"line":79,"column":8},"end":{"line":79,"column":60}},"37":{"start":{"line":79,"column":38},"end":{"line":79,"column":59}},"38":{"start":{"line":83,"column":25},"end":{"line":83,"column":173}},"39":{"start":{"line":84,"column":8},"end":{"line":86,"column":9}},"40":{"start":{"line":85,"column":12},"end":{"line":85,"column":76}},"41":{"start":{"line":87,"column":8},"end":{"line":87,"column":51}},"42":{"start":{"line":91,"column":0},"end":{"line":91,"column":31}}},"fnMap":{"0":{"name":"(anonymous_0)","decl":{"start":{"line":5,"column":4},"end":{"line":5,"column":5}},"loc":{"start":{"line":5,"column":100},"end":{"line":13,"column":5}},"line":5},"1":{"name":"(anonymous_1)","decl":{"start":{"line":15,"column":4},"end":{"line":15,"column":5}},"loc":{"start":{"line":15,"column":25},"end":{"line":22,"column":5}},"line":15},"2":{"name":"(anonymous_2)","decl":{"start":{"line":21,"column":33},"end":{"line":21,"column":34}},"loc":{"start":{"line":21,"column":38},"end":{"line":21,"column":59}},"line":21},"3":{"name":"(anonymous_3)","decl":{"start":{"line":24,"column":4},"end":{"line":24,"column":5}},"loc":{"start":{"line":24,"column":43},"end":{"line":36,"column":5}},"line":24},"4":{"name":"(anonymous_4)","decl":{"start":{"line":30,"column":33},"end":{"line":30,"column":34}},"loc":{"start":{"line":30,"column":39},"end":{"line":35,"column":9}},"line":30},"5":{"name":"(anonymous_5)","decl":{"start":{"line":38,"column":4},"end":{"line":38,"column":5}},"loc":{"start":{"line":38,"column":47},"end":{"line":50,"column":5}},"line":38},"6":{"name":"(anonymous_6)","decl":{"start":{"line":44,"column":33},"end":{"line":44,"column":34}},"loc":{"start":{"line":44,"column":39},"end":{"line":49,"column":9}},"line":44},"7":{"name":"(anonymous_7)","decl":{"start":{"line":52,"column":4},"end":{"line":52,"column":5}},"loc":{"start":{"line":52,"column":36},"end":{"line":62,"column":5}},"line":52},"8":{"name":"(anonymous_8)","decl":{"start":{"line":64,"column":4},"end":{"line":64,"column":5}},"loc":{"start":{"line":64,"column":42},"end":{"line":71,"column":5}},"line":64},"9":{"name":"(anonymous_9)","decl":{"start":{"line":73,"column":4},"end":{"line":73,"column":5}},"loc":{"start":{"line":73,"column":42},"end":{"line":80,"column":5}},"line":73},"10":{"name":"(anonymous_10)","decl":{"start":{"line":79,"column":33},"end":{"line":79,"column":34}},"loc":{"start":{"line":79,"column":38},"end":{"line":79,"column":59}},"line":79},"11":{"name":"(anonymous_11)","decl":{"start":{"line":82,"column":4},"end":{"line":82,"column":5}},"loc":{"start":{"line":82,"column":65},"end":{"line":88,"column":5}},"line":82}},"branchMap":{"0":{"loc":{"start":{"line":18,"column":8},"end":{"line":20,"column":9}},"type":"if","locations":[{"start":{"line":18,"column":8},"end":{"line":20,"column":9}},{"start":{},"end":{}}],"line":18},"1":{"loc":{"start":{"line":26,"column":8},"end":{"line":28,"column":9}},"type":"if","locations":[{"start":{"line":26,"column":8},"end":{"line":28,"column":9}},{"start":{},"end":{}}],"line":26},"2":{"loc":{"start":{"line":40,"column":8},"end":{"line":42,"column":9}},"type":"if","locations":[{"start":{"line":40,"column":8},"end":{"line":42,"column":9}},{"start":{},"end":{}}],"line":40},"3":{"loc":{"start":{"line":54,"column":8},"end":{"line":54,"column":71}},"type":"if","locations":[{"start":{"line":54,"column":8},"end":{"line":54,"column":71}},{"start":{},"end":{}}],"line":54},"4":{"loc":{"start":{"line":55,"column":8},"end":{"line":55,"column":79}},"type":"if","locations":[{"start":{"line":55,"column":8},"end":{"line":55,"column":79}},{"start":{},"end":{}}],"line":55},"5":{"loc":{"start":{"line":56,"column":8},"end":{"line":56,"column":61}},"type":"if","locations":[{"start":{"line":56,"column":8},"end":{"line":56,"column":61}},{"start":{},"end":{}}],"line":56},"6":{"loc":{"start":{"line":57,"column":8},"end":{"line":57,"column":71}},"type":"if","locations":[{"start":{"line":57,"column":8},"end":{"line":57,"column":71}},{"start":{},"end":{}}],"line":57},"7":{"loc":{"start":{"line":58,"column":8},"end":{"line":58,"column":69}},"type":"if","locations":[{"start":{"line":58,"column":8},"end":{"line":58,"column":69}},{"start":{},"end":{}}],"line":58},"8":{"loc":{"start":{"line":66,"column":8},"end":{"line":69,"column":9}},"type":"if","locations":[{"start":{"line":66,"column":8},"end":{"line":69,"column":9}},{"start":{},"end":{}}],"line":66},"9":{"loc":{"start":{"line":76,"column":8},"end":{"line":78,"column":9}},"type":"if","locations":[{"start":{"line":76,"column":8},"end":{"line":78,"column":9}},{"start":{},"end":{}}],"line":76},"10":{"loc":{"start":{"line":84,"column":8},"end":{"line":86,"column":9}},"type":"if","locations":[{"start":{"line":84,"column":8},"end":{"line":86,"column":9}},{"start":{},"end":{}}],"line":84}},"s":{"0":1,"1":4,"2":2,"3":2,"4":1,"5":1,"6":3,"7":0,"8":0,"9":0,"10":0,"11":0,"12":0,"13":0,"14":0,"15":0,"16":0,"17":2,"18":1,"19":1,"20":0,"21":1,"22":0,"23":1,"24":0,"25":1,"26":0,"27":1,"28":1,"29":0,"30":0,"31":0,"32":0,"33":0,"34":0,"35":0,"36":0,"37":0,"38":0,"39":0,"40":0,"41":0,"42":1},"f":{"0":4,"1":2,"2":3,"3":0,"4":0,"5":0,"6":0,"7":2,"8":0,"9":0,"10":0,"11":0},"b":{"0":[1,1],"1":[0,0],"2":[0,0],"3":[1,1],"4":[0,1],"5":[0,1],"6":[0,1],"7":[0,1],"8":[0,0],"9":[0,0],"10":[0,0]},"_coverageSchema":"1a1c01bbd47fc00a2c39e90264f33305004495a9","hash":"7bf99215fceb3e7055d283931274dad191b6b98c"}
,"C:\\Users\\jimrc\\Documents\\La-Fosse-Academy\\Alpha-Project\\Nexus-Studio\\api\\model\\Studentdetails.js": {"path":"C:\\Users\\jimrc\\Documents\\La-Fosse-Academy\\Alpha-Project\\Nexus-Studio\\api\\model\\Studentdetails.js","statementMap":{"0":{"start":{"line":1,"column":11},"end":{"line":1,"column":38}},"1":{"start":{"line":5,"column":8},"end":{"line":9,"column":32}},"2":{"start":{"line":13,"column":25},"end":{"line":13,"column":101}},"3":{"start":{"line":14,"column":8},"end":{"line":16,"column":9}},"4":{"start":{"line":15,"column":12},"end":{"line":15,"column":71}},"5":{"start":{"line":17,"column":8},"end":{"line":17,"column":52}},"6":{"start":{"line":21,"column":25},"end":{"line":21,"column":99}},"7":{"start":{"line":22,"column":8},"end":{"line":24,"column":9}},"8":{"start":{"line":23,"column":12},"end":{"line":23,"column":70}},"9":{"start":{"line":25,"column":8},"end":{"line":25,"column":52}},"10":{"start":{"line":29,"column":55},"end":{"line":29,"column":66}},"11":{"start":{"line":30,"column":8},"end":{"line":30,"column":79}},"12":{"start":{"line":30,"column":36},"end":{"line":30,"column":78}},"13":{"start":{"line":31,"column":25},"end":{"line":32,"column":51}},"14":{"start":{"line":34,"column":29},"end":{"line":34,"column":56}},"15":{"start":{"line":35,"column":27},"end":{"line":35,"column":76}},"16":{"start":{"line":36,"column":8},"end":{"line":36,"column":26}},"17":{"start":{"line":40,"column":0},"end":{"line":40,"column":32}}},"fnMap":{"0":{"name":"(anonymous_0)","decl":{"start":{"line":4,"column":4},"end":{"line":4,"column":5}},"loc":{"start":{"line":4,"column":68},"end":{"line":10,"column":5}},"line":4},"1":{"name":"(anonymous_1)","decl":{"start":{"line":12,"column":4},"end":{"line":12,"column":5}},"loc":{"start":{"line":12,"column":37},"end":{"line":18,"column":5}},"line":12},"2":{"name":"(anonymous_2)","decl":{"start":{"line":20,"column":4},"end":{"line":20,"column":5}},"loc":{"start":{"line":20,"column":42},"end":{"line":26,"column":5}},"line":20},"3":{"name":"(anonymous_3)","decl":{"start":{"line":28,"column":4},"end":{"line":28,"column":5}},"loc":{"start":{"line":28,"column":44},"end":{"line":37,"column":5}},"line":28}},"branchMap":{"0":{"loc":{"start":{"line":14,"column":8},"end":{"line":16,"column":9}},"type":"if","locations":[{"start":{"line":14,"column":8},"end":{"line":16,"column":9}},{"start":{},"end":{}}],"line":14},"1":{"loc":{"start":{"line":22,"column":8},"end":{"line":24,"column":9}},"type":"if","locations":[{"start":{"line":22,"column":8},"end":{"line":24,"column":9}},{"start":{},"end":{}}],"line":22},"2":{"loc":{"start":{"line":30,"column":8},"end":{"line":30,"column":79}},"type":"if","locations":[{"start":{"line":30,"column":8},"end":{"line":30,"column":79}},{"start":{},"end":{}}],"line":30}},"s":{"0":1,"1":1,"2":3,"3":3,"4":2,"5":1,"6":0,"7":0,"8":0,"9":0,"10":2,"11":2,"12":1,"13":1,"14":1,"15":1,"16":0,"17":1},"f":{"0":1,"1":3,"2":0,"3":2},"b":{"0":[2,1],"1":[0,0],"2":[1,1]},"_coverageSchema":"1a1c01bbd47fc00a2c39e90264f33305004495a9","hash":"b9676b27ee1270555e9c3afee88be529224049c2"}
,"C:\\Users\\jimrc\\Documents\\La-Fosse-Academy\\Alpha-Project\\Nexus-Studio\\db\\connect.js": {"path":"C:\\Users\\jimrc\\Documents\\La-Fosse-Academy\\Alpha-Project\\Nexus-Studio\\db\\connect.js","statementMap":{"0":{"start":{"line":2,"column":17},"end":{"line":2,"column":30}},"1":{"start":{"line":3,"column":0},"end":{"line":3,"column":26}},"2":{"start":{"line":5,"column":11},"end":{"line":7,"column":2}},"3":{"start":{"line":9,"column":0},"end":{"line":9,"column":19}}},"fnMap":{},"branchMap":{},"s":{"0":6,"1":6,"2":6,"3":6},"f":{},"b":{},"_coverageSchema":"1a1c01bbd47fc00a2c39e90264f33305004495a9","hash":"db49081f1fe569ef90c131fa0b20b5161c49c61d"}
}
