TN:
SF:api\controller\categories.js
FN:3,allCategories
FN:12,categoryByID
FNF:2
FNH:2
FNDA:2,allCategories
FNDA:2,categoryByID
DA:1,1
DA:4,2
DA:5,2
DA:6,1
DA:8,1
DA:13,2
DA:14,2
DA:15,1
DA:16,1
DA:18,1
DA:23,1
LF:11
LH:11
BRF:0
BRH:0
end_of_record
TN:
SF:api\controller\quizQuestions.js
FN:3,allQuestions
FN:12,categoryQuestions
FN:23,questionByID
FNF:3
FNH:3
FNDA:2,allQuestions
FNDA:2,categoryQuestions
FNDA:1,questionByID
DA:1,1
DA:4,2
DA:5,2
DA:6,1
DA:8,1
DA:13,2
DA:14,2
DA:15,2
DA:16,1
DA:18,1
DA:24,1
DA:25,1
DA:26,0
DA:27,0
DA:29,1
DA:33,1
LF:16
LH:14
BRF:0
BRH:0
end_of_record
TN:
SF:api\model\Category.js
FN:5,(anonymous_0)
FN:10,(anonymous_1)
FN:16,(anonymous_2)
FN:19,(anonymous_3)
FNF:4
FNH:4
FNDA:4,(anonymous_0)
FNDA:2,(anonymous_1)
FNDA:3,(anonymous_2)
FNDA:2,(anonymous_3)
DA:1,2
DA:6,4
DA:11,2
DA:13,2
DA:14,1
DA:16,3
DA:20,2
DA:22,2
DA:23,1
DA:25,1
DA:29,2
LF:11
LH:11
BRDA:13,0,0,1
BRDA:13,0,1,1
BRDA:22,1,0,1
BRDA:22,1,1,1
BRF:4
BRH:4
end_of_record
TN:
SF:api\model\QuizQuestion.js
FN:5,(anonymous_0)
FN:16,(anonymous_1)
FN:22,(anonymous_2)
FN:25,(anonymous_3)
FN:31,(anonymous_4)
FN:34,(anonymous_5)
FNF:6
FNH:6
FNDA:7,(anonymous_0)
FNDA:2,(anonymous_1)
FNDA:3,(anonymous_2)
FNDA:2,(anonymous_3)
FNDA:3,(anonymous_4)
FNDA:2,(anonymous_5)
DA:1,2
DA:6,7
DA:17,2
DA:19,2
DA:20,1
DA:22,3
DA:26,2
DA:28,2
DA:29,1
DA:31,3
DA:35,2
DA:37,2
DA:38,1
DA:40,1
DA:44,2
LF:15
LH:15
BRDA:19,0,0,1
BRDA:19,0,1,1
BRDA:28,1,0,1
BRDA:28,1,1,1
BRDA:37,2,0,1
BRDA:37,2,1,1
BRF:6
BRH:6
end_of_record
TN:
SF:api\model\SessionHistory.js
FN:5,(anonymous_0)
FN:15,(anonymous_1)
FN:21,(anonymous_2)
FN:24,(anonymous_3)
FN:30,(anonymous_4)
FN:38,(anonymous_5)
FN:44,(anonymous_6)
FN:52,(anonymous_7)
FN:64,(anonymous_8)
FN:73,(anonymous_9)
FN:79,(anonymous_10)
FN:82,(anonymous_11)
FNF:12
FNH:4
FNDA:4,(anonymous_0)
FNDA:2,(anonymous_1)
FNDA:3,(anonymous_2)
FNDA:0,(anonymous_3)
FNDA:0,(anonymous_4)
FNDA:0,(anonymous_5)
FNDA:0,(anonymous_6)
FNDA:2,(anonymous_7)
FNDA:0,(anonymous_8)
FNDA:0,(anonymous_9)
FNDA:0,(anonymous_10)
FNDA:0,(anonymous_11)
DA:1,1
DA:6,4
DA:16,2
DA:18,2
DA:19,1
DA:21,3
DA:25,0
DA:26,0
DA:27,0
DA:30,0
DA:39,0
DA:40,0
DA:41,0
DA:44,0
DA:54,2
DA:55,1
DA:56,1
DA:57,1
DA:58,1
DA:59,1
DA:61,1
DA:65,0
DA:66,0
DA:68,0
DA:70,0
DA:74,0
DA:76,0
DA:77,0
DA:79,0
DA:83,0
DA:84,0
DA:85,0
DA:87,0
DA:91,1
LF:34
LH:14
BRDA:18,0,0,1
BRDA:18,0,1,1
BRDA:26,1,0,0
BRDA:26,1,1,0
BRDA:40,2,0,0
BRDA:40,2,1,0
BRDA:54,3,0,1
BRDA:54,3,1,1
BRDA:55,4,0,0
BRDA:55,4,1,1
BRDA:56,5,0,0
BRDA:56,5,1,1
BRDA:57,6,0,0
BRDA:57,6,1,1
BRDA:58,7,0,0
BRDA:58,7,1,1
BRDA:66,8,0,0
BRDA:66,8,1,0
BRDA:76,9,0,0
BRDA:76,9,1,0
BRDA:84,10,0,0
BRDA:84,10,1,0
BRF:22
BRH:8
end_of_record
TN:
SF:api\model\Studentdetails.js
FN:4,(anonymous_0)
FN:12,(anonymous_1)
FN:20,(anonymous_2)
FN:28,(anonymous_3)
FNF:4
FNH:3
FNDA:1,(anonymous_0)
FNDA:3,(anonymous_1)
FNDA:0,(anonymous_2)
FNDA:2,(anonymous_3)
DA:1,1
DA:5,1
DA:13,3
DA:14,3
DA:15,2
DA:17,1
DA:21,0
DA:22,0
DA:23,0
DA:25,0
DA:29,2
DA:30,2
DA:31,1
DA:34,1
DA:35,1
DA:36,0
DA:40,1
LF:17
LH:12
BRDA:14,0,0,2
BRDA:14,0,1,1
BRDA:22,1,0,0
BRDA:22,1,1,0
BRDA:30,2,0,1
BRDA:30,2,1,1
BRF:6
BRH:4
end_of_record
TN:
SF:db\connect.js
FNF:0
FNH:0
DA:2,6
DA:3,6
DA:5,6
DA:9,6
LF:4
LH:4
BRF:0
BRH:0
end_of_record
