TN:
SF:api\controller\quizQuestions.js
FN:3,allQuestions
FN:12,categoryQuestions
FN:23,questionByID
FNF:3
FNH:2
FNDA:2,allQuestions
FNDA:2,categoryQuestions
FNDA:0,questionByID
DA:1,1
DA:4,2
DA:5,2
DA:6,1
DA:8,1
DA:13,2
DA:14,2
DA:15,2
DA:16,1
DA:18,1
DA:24,0
DA:25,0
DA:26,0
DA:27,0
DA:29,0
DA:33,1
LF:16
LH:11
BRF:0
BRH:0
end_of_record
TN:
SF:api\model\QuizQuestion.js
FN:5,(anonymous_0)
FN:16,(anonymous_1)
FN:22,(anonymous_2)
FN:25,(anonymous_3)
FN:31,(anonymous_4)
FN:34,(anonymous_5)
FNF:6
FNH:6
FNDA:7,(anonymous_0)
FNDA:2,(anonymous_1)
FNDA:3,(anonymous_2)
FNDA:2,(anonymous_3)
FNDA:3,(anonymous_4)
FNDA:2,(anonymous_5)
DA:1,2
DA:6,7
DA:17,2
DA:19,2
DA:20,1
DA:22,3
DA:26,2
DA:28,2
DA:29,1
DA:31,3
DA:35,2
DA:37,2
DA:38,1
DA:40,1
DA:44,2
LF:15
LH:15
BRDA:19,0,0,1
BRDA:19,0,1,1
BRDA:28,1,0,1
BRDA:28,1,1,1
BRDA:37,2,0,1
BRDA:37,2,1,1
BRF:6
BRH:6
end_of_record
TN:
SF:db\connect.js
FNF:0
FNH:0
DA:2,2
DA:3,2
DA:5,2
DA:9,2
LF:4
LH:4
BRF:0
BRH:0
end_of_record
